2022-07-18 13:45:54.727  INFO 15224 --- [main] hello.springmvc.SpringmvcApplication     : Starting SpringmvcApplication using Java 11.0.13 on DESKTOP-P4MJFU7 with PID 15224 (C:\study\springmvc\build\classes\java\main started by mbs in C:\study\springmvc)
2022-07-18 13:45:54.730  INFO 15224 --- [main] hello.springmvc.SpringmvcApplication     : No active profile set, falling back to 1 default profile: "default"
2022-07-18 13:45:55.301  INFO 15224 --- [main] o.s.b.w.embedded.tomcat.TomcatWebServer  : Tomcat initialized with port(s): 8080 (http)
2022-07-18 13:45:55.312  INFO 15224 --- [main] o.apache.catalina.core.StandardService   : Starting service [Tomcat]
2022-07-18 13:45:55.350  INFO 15224 --- [main] org.apache.catalina.core.StandardEngine  : Starting Servlet engine: [Apache Tomcat/9.0.64]
2022-07-18 13:45:55.426  INFO 15224 --- [main] o.a.c.c.C.[Tomcat].[localhost].[/]       : Initializing Spring embedded WebApplicationContext
2022-07-18 13:45:55.426  INFO 15224 --- [main] w.s.c.ServletWebServerApplicationContext : Root WebApplicationContext: initialization completed in 664 ms
2022-07-18 13:45:55.564  INFO 15224 --- [main] o.s.b.a.w.s.WelcomePageHandlerMapping    : Adding welcome page: class path resource [static/index.html]
2022-07-18 13:45:55.600  WARN 15224 --- [main] ion$DefaultTemplateResolverConfiguration : Cannot find template location: classpath:/templates/ (please add some templates or check your Thymeleaf configuration)
2022-07-18 13:45:55.662  INFO 15224 --- [main] o.s.b.w.embedded.tomcat.TomcatWebServer  : Tomcat started on port(s): 8080 (http) with context path ''
2022-07-18 13:45:55.669  INFO 15224 --- [main] hello.springmvc.SpringmvcApplication     : Started SpringmvcApplication in 1.248 seconds (JVM running for 1.885)
2022-07-18 13:46:36.253  INFO 15224 --- [http-nio-8080-exec-1] o.a.c.c.C.[Tomcat].[localhost].[/]       : Initializing Spring DispatcherServlet 'dispatcherServlet'
2022-07-18 13:46:36.254  INFO 15224 --- [http-nio-8080-exec-1] o.s.web.servlet.DispatcherServlet        : Initializing Servlet 'dispatcherServlet'
2022-07-18 13:46:36.254  INFO 15224 --- [http-nio-8080-exec-1] o.s.web.servlet.DispatcherServlet        : Completed initialization in 0 ms
2022-07-18 13:46:36.270  INFO 15224 --- [http-nio-8080-exec-1] h.springmvc.logging.LogTestController    : name : Spring
2022-07-18 13:46:36.271  WARN 15224 --- [http-nio-8080-exec-1] h.springmvc.logging.LogTestController    : name : Spring
2022-07-18 13:46:36.271 ERROR 15224 --- [http-nio-8080-exec-1] h.springmvc.logging.LogTestController    : name : Spring
2022-07-18 13:46:55.391  INFO 8948 --- [main] hello.springmvc.SpringmvcApplication     : Starting SpringmvcApplication using Java 11.0.13 on DESKTOP-P4MJFU7 with PID 8948 (C:\study\springmvc\build\classes\java\main started by mbs in C:\study\springmvc)
2022-07-18 13:46:55.393  INFO 8948 --- [main] hello.springmvc.SpringmvcApplication     : No active profile set, falling back to 1 default profile: "default"
2022-07-18 13:46:55.966  INFO 8948 --- [main] o.s.b.w.embedded.tomcat.TomcatWebServer  : Tomcat initialized with port(s): 8080 (http)
2022-07-18 13:46:55.973  INFO 8948 --- [main] o.apache.catalina.core.StandardService   : Starting service [Tomcat]
2022-07-18 13:46:55.973  INFO 8948 --- [main] org.apache.catalina.core.StandardEngine  : Starting Servlet engine: [Apache Tomcat/9.0.64]
2022-07-18 13:46:56.047  INFO 8948 --- [main] o.a.c.c.C.[Tomcat].[localhost].[/]       : Initializing Spring embedded WebApplicationContext
2022-07-18 13:46:56.047  INFO 8948 --- [main] w.s.c.ServletWebServerApplicationContext : Root WebApplicationContext: initialization completed in 620 ms
2022-07-18 13:46:56.182  INFO 8948 --- [main] o.s.b.a.w.s.WelcomePageHandlerMapping    : Adding welcome page: class path resource [static/index.html]
2022-07-18 13:46:56.216  WARN 8948 --- [main] ion$DefaultTemplateResolverConfiguration : Cannot find template location: classpath:/templates/ (please add some templates or check your Thymeleaf configuration)
2022-07-18 13:46:56.277  INFO 8948 --- [main] o.s.b.w.embedded.tomcat.TomcatWebServer  : Tomcat started on port(s): 8080 (http) with context path ''
2022-07-18 13:46:56.284  INFO 8948 --- [main] hello.springmvc.SpringmvcApplication     : Started SpringmvcApplication in 1.207 seconds (JVM running for 1.831)
2022-07-18 13:47:05.862  INFO 8948 --- [http-nio-8080-exec-1] o.a.c.c.C.[Tomcat].[localhost].[/]       : Initializing Spring DispatcherServlet 'dispatcherServlet'
2022-07-18 13:47:05.864  INFO 8948 --- [http-nio-8080-exec-1] o.s.web.servlet.DispatcherServlet        : Initializing Servlet 'dispatcherServlet'
2022-07-18 13:47:05.864  INFO 8948 --- [http-nio-8080-exec-1] o.s.web.servlet.DispatcherServlet        : Completed initialization in 0 ms
2022-07-18 13:47:05.880  INFO 8948 --- [http-nio-8080-exec-1] h.springmvc.logging.LogTestController    : name : Spring
2022-07-18 13:47:05.881  WARN 8948 --- [http-nio-8080-exec-1] h.springmvc.logging.LogTestController    : name : Spring
2022-07-18 13:47:05.881 ERROR 8948 --- [http-nio-8080-exec-1] h.springmvc.logging.LogTestController    : name : Spring
